TN:
SF:E:\Projets\Antk\Private Sale\truffle\contracts\AntkPrivate.sol
FN:85,constructor
FN:97,requireToBuy
FN:116,setRoot
FN:124,isWhitelist
FN:138,changeSalesStatus
FN:150,calculNumberOfTokenToBuy
FN:196,buyTokenWithTether
FN:224,getLatestPrice
FN:244,buyTokenWithEth
FN:271,_setBonus
FN:290,getFunds
FN:305,seeFunds
FNF:12
FNH:10
FNDA:33,constructor
FNDA:30,requireToBuy
FNDA:0,setRoot
FNDA:32,isWhitelist
FNDA:20,changeSalesStatus
FNDA:45,calculNumberOfTokenToBuy
FNDA:16,buyTokenWithTether
FNDA:12,getLatestPrice
FNDA:4,buyTokenWithEth
FNDA:13,_setBonus
FNDA:0,getFunds
FNDA:1,seeFunds
DA:86,33
DA:87,33
DA:88,33
DA:89,33
DA:98,30
DA:103,22
DA:104,22
DA:108,20
DA:117,0
DA:129,32
DA:130,32
DA:139,20
DA:141,20
DA:155,45
DA:159,44
DA:160,36
DA:165,3
DA:173,2
DA:178,2
DA:185,6
DA:198,16
DA:200,16
DA:205,12
DA:207,12
DA:210,12
DA:212,12
DA:214,12
DA:216,12
DA:217,9
DA:231,12
DA:246,4
DA:250,4
DA:252,4
DA:255,4
DA:257,4
DA:259,4
DA:261,4
DA:262,4
DA:272,13
DA:273,13
DA:274,13
DA:275,12
DA:278,0
DA:279,0
DA:282,13
DA:283,13
DA:291,0
DA:296,0
DA:299,0
DA:306,1
LF:50
LH:44
BRDA:98,1,0,22
BRDA:98,1,1,8
BRDA:103,2,0,22
BRDA:103,2,1,0
BRDA:104,3,0,20
BRDA:104,3,1,2
BRDA:155,4,0,44
BRDA:155,4,1,1
BRDA:159,5,0,36
BRDA:159,5,1,8
BRDA:160,6,0,33
BRDA:160,6,1,3
BRDA:172,7,0,2
BRDA:172,7,1,6
BRDA:173,8,0,0
BRDA:173,8,1,2
BRDA:205,9,0,12
BRDA:205,9,1,0
BRDA:216,10,0,9
BRDA:216,10,1,3
BRDA:261,11,0,4
BRDA:261,11,1,0
BRDA:273,12,0,13
BRDA:273,12,1,0
BRDA:274,13,0,12
BRDA:274,13,1,1
BRDA:278,14,0,0
BRDA:278,14,1,0
BRDA:299,15,0,0
BRDA:299,15,1,0
BRF:30
BRH:21
end_of_record
TN:
SF:E:\Projets\Antk\Private Sale\truffle\contracts\USDT.sol
FN:8,constructor
FN:12,decimals
FN:16,getAddr
FNF:3
FNH:1
FNDA:30,constructor
FNDA:0,decimals
FNDA:0,getAddr
DA:9,30
DA:13,0
DA:17,0
LF:3
LH:1
BRF:0
BRH:0
end_of_record
