{"contracts/AntkPrivate.sol":{"l":{"72":0,"77":0,"81":0,"85":0,"94":0,"95":0,"105":0,"107":0,"120":0,"121":0,"122":0,"123":0,"124":0,"125":0,"140":0,"144":0,"145":0,"150":0,"158":0,"163":0,"170":0,"182":0,"187":0,"192":0,"197":0,"199":0,"203":0,"204":0,"206":0,"212":0,"219":0,"222":0,"224":0,"236":0,"240":0,"244":0,"248":0,"249":0,"251":0,"257":0,"265":0,"267":0,"268":0},"path":"/home/jb/Projets/Antk/Private Sale/truffle/contracts/AntkPrivate.sol","s":{"1":0,"2":0,"3":0,"4":0,"5":0,"6":0,"7":0,"8":0,"9":0,"10":0,"11":0,"12":0,"13":0,"14":0,"15":0,"16":0,"17":0,"18":0,"19":0,"20":0,"21":0,"22":0,"23":0,"24":0,"25":0,"26":0,"27":0,"28":0,"29":0,"30":0,"31":0,"32":0,"33":0,"34":0,"35":0,"36":0,"37":0,"38":0,"39":0,"40":0,"41":0,"42":0,"43":0,"44":0,"45":0,"46":0},"b":{"1":[0,0],"2":[0,0],"3":[0,0],"4":[0,0],"5":[0,0],"6":[0,0],"7":[0,0],"8":[0,0],"9":[0,0],"10":[0,0],"11":[0,0],"12":[0,0],"13":[0,0],"14":[0,0],"15":[0,0],"16":[0,0]},"f":{"1":0,"2":0,"3":0,"4":0,"5":0,"6":0,"7":0,"8":0,"9":0},"fnMap":{"1":{"name":"requireToBuy","line":71,"loc":{"start":{"line":71,"column":4},"end":{"line":86,"column":4}}},"2":{"name":"setWhitelist","line":93,"loc":{"start":{"line":93,"column":4},"end":{"line":97,"column":4}}},"3":{"name":"changeSalesStatus","line":104,"loc":{"start":{"line":104,"column":4},"end":{"line":108,"column":4}}},"4":{"name":"_minimumAmountToBuy","line":115,"loc":{"start":{"line":115,"column":4},"end":{"line":127,"column":4}}},"5":{"name":"calculNumberOfTokenToBuy","line":135,"loc":{"start":{"line":135,"column":4},"end":{"line":172,"column":4}}},"6":{"name":"buyTokenWithTether","line":180,"loc":{"start":{"line":178,"column":4},"end":{"line":213,"column":4}}},"7":{"name":"getLatestPrice","line":218,"loc":{"start":{"line":218,"column":4},"end":{"line":225,"column":4}}},"8":{"name":"buyTokenWithEth","line":234,"loc":{"start":{"line":231,"column":4},"end":{"line":258,"column":4}}},"9":{"name":"getFunds","line":264,"loc":{"start":{"line":264,"column":4},"end":{"line":269,"column":4}}}},"statementMap":{"1":{"start":{"line":72,"column":8},"end":{"line":72,"column":2015}},"2":{"start":{"line":77,"column":8},"end":{"line":77,"column":2235}},"3":{"start":{"line":81,"column":8},"end":{"line":81,"column":2365}},"4":{"start":{"line":94,"column":8},"end":{"line":94,"column":2792}},"5":{"start":{"line":95,"column":12},"end":{"line":95,"column":54}},"6":{"start":{"line":105,"column":8},"end":{"line":105,"column":43}},"7":{"start":{"line":107,"column":8},"end":{"line":107,"column":46}},"8":{"start":{"line":120,"column":8},"end":{"line":120,"column":3588}},"9":{"start":{"line":121,"column":12},"end":{"line":121,"column":23}},"10":{"start":{"line":122,"column":8},"end":{"line":122,"column":3683}},"11":{"start":{"line":123,"column":12},"end":{"line":123,"column":23}},"12":{"start":{"line":124,"column":8},"end":{"line":124,"column":3780}},"13":{"start":{"line":125,"column":12},"end":{"line":125,"column":23}},"14":{"start":{"line":126,"column":13},"end":{"line":126,"column":25}},"15":{"start":{"line":140,"column":8},"end":{"line":140,"column":4286}},"16":{"start":{"line":144,"column":8},"end":{"line":144,"column":4412}},"17":{"start":{"line":145,"column":12},"end":{"line":145,"column":4467}},"18":{"start":{"line":148,"column":14},"end":{"line":148,"column":49}},"19":{"start":{"line":150,"column":16},"end":{"line":150,"column":4669}},"20":{"start":{"line":157,"column":15},"end":{"line":157,"column":4916}},"21":{"start":{"line":158,"column":12},"end":{"line":158,"column":4971}},"22":{"start":{"line":161,"column":14},"end":{"line":161,"column":49}},"23":{"start":{"line":163,"column":16},"end":{"line":163,"column":5172}},"24":{"start":{"line":170,"column":12},"end":{"line":170,"column":40}},"25":{"start":{"line":182,"column":8},"end":{"line":182,"column":5685}},"26":{"start":{"line":187,"column":8},"end":{"line":187,"column":5882}},"27":{"start":{"line":192,"column":8},"end":{"line":192,"column":6034}},"28":{"start":{"line":197,"column":8},"end":{"line":197,"column":45}},"29":{"start":{"line":199,"column":8},"end":{"line":199,"column":6228}},"30":{"start":{"line":203,"column":8},"end":{"line":203,"column":67}},"31":{"start":{"line":204,"column":8},"end":{"line":204,"column":43}},"32":{"start":{"line":206,"column":8},"end":{"line":206,"column":6480}},"33":{"start":{"line":212,"column":16},"end":{"line":212,"column":78}},"34":{"start":{"line":219,"column":8},"end":{"line":219,"column":6839}},"35":{"start":{"line":222,"column":8},"end":{"line":222,"column":60}},"36":{"start":{"line":224,"column":8},"end":{"line":224,"column":38}},"37":{"start":{"line":236,"column":8},"end":{"line":236,"column":7334}},"38":{"start":{"line":240,"column":8},"end":{"line":240,"column":7451}},"39":{"start":{"line":244,"column":8},"end":{"line":244,"column":7557}},"40":{"start":{"line":248,"column":8},"end":{"line":248,"column":68}},"41":{"start":{"line":249,"column":8},"end":{"line":249,"column":42}},"42":{"start":{"line":251,"column":8},"end":{"line":251,"column":7810}},"43":{"start":{"line":257,"column":16},"end":{"line":257,"column":79}},"44":{"start":{"line":265,"column":8},"end":{"line":265,"column":76}},"45":{"start":{"line":267,"column":8},"end":{"line":267,"column":70}},"46":{"start":{"line":268,"column":8},"end":{"line":268,"column":44}}},"branchMap":{"1":{"line":72,"type":"if","locations":[{"start":{"line":72,"column":8},"end":{"line":72,"column":8}},{"start":{"line":72,"column":8},"end":{"line":72,"column":8}}]},"2":{"line":77,"type":"if","locations":[{"start":{"line":77,"column":8},"end":{"line":77,"column":8}},{"start":{"line":77,"column":8},"end":{"line":77,"column":8}}]},"3":{"line":81,"type":"if","locations":[{"start":{"line":81,"column":8},"end":{"line":81,"column":8}},{"start":{"line":81,"column":8},"end":{"line":81,"column":8}}]},"4":{"line":120,"type":"if","locations":[{"start":{"line":120,"column":8},"end":{"line":120,"column":8}},{"start":{"line":120,"column":8},"end":{"line":120,"column":8}}]},"5":{"line":122,"type":"if","locations":[{"start":{"line":122,"column":8},"end":{"line":122,"column":8}},{"start":{"line":122,"column":8},"end":{"line":122,"column":8}}]},"6":{"line":124,"type":"if","locations":[{"start":{"line":124,"column":8},"end":{"line":124,"column":8}},{"start":{"line":124,"column":8},"end":{"line":124,"column":8}}]},"7":{"line":140,"type":"if","locations":[{"start":{"line":140,"column":8},"end":{"line":140,"column":8}},{"start":{"line":140,"column":8},"end":{"line":140,"column":8}}]},"8":{"line":144,"type":"if","locations":[{"start":{"line":144,"column":8},"end":{"line":144,"column":8}},{"start":{"line":144,"column":8},"end":{"line":144,"column":8}}]},"9":{"line":145,"type":"if","locations":[{"start":{"line":145,"column":12},"end":{"line":145,"column":12}},{"start":{"line":145,"column":12},"end":{"line":145,"column":12}}]},"10":{"line":157,"type":"if","locations":[{"start":{"line":157,"column":15},"end":{"line":157,"column":15}},{"start":{"line":157,"column":15},"end":{"line":157,"column":15}}]},"11":{"line":158,"type":"if","locations":[{"start":{"line":158,"column":12},"end":{"line":158,"column":12}},{"start":{"line":158,"column":12},"end":{"line":158,"column":12}}]},"12":{"line":182,"type":"if","locations":[{"start":{"line":182,"column":8},"end":{"line":182,"column":8}},{"start":{"line":182,"column":8},"end":{"line":182,"column":8}}]},"13":{"line":187,"type":"if","locations":[{"start":{"line":187,"column":8},"end":{"line":187,"column":8}},{"start":{"line":187,"column":8},"end":{"line":187,"column":8}}]},"14":{"line":197,"type":"if","locations":[{"start":{"line":197,"column":8},"end":{"line":197,"column":8}},{"start":{"line":197,"column":8},"end":{"line":197,"column":8}}]},"15":{"line":236,"type":"if","locations":[{"start":{"line":236,"column":8},"end":{"line":236,"column":8}},{"start":{"line":236,"column":8},"end":{"line":236,"column":8}}]},"16":{"line":268,"type":"if","locations":[{"start":{"line":268,"column":8},"end":{"line":268,"column":8}},{"start":{"line":268,"column":8},"end":{"line":268,"column":8}}]}}},"contracts/AntkPrivateTest.sol":{"l":{"30":28,"76":27,"81":19,"85":17,"89":15,"102":1,"103":7,"113":15,"115":15,"128":19,"129":12,"130":7,"131":1,"132":6,"133":4,"148":53,"152":52,"153":38,"158":5,"166":4,"171":4,"178":10,"190":10,"195":8,"200":6,"205":6,"207":6,"211":6,"212":6,"214":6,"220":6,"231":14,"232":14,"244":5,"248":5,"252":5,"256":5,"257":5,"259":5,"265":5,"273":0,"275":0,"276":0,"283":1},"path":"/home/jb/Projets/Antk/Private Sale/truffle/contracts/AntkPrivateTest.sol","s":{"1":28,"2":27,"3":19,"4":17,"5":1,"6":7,"7":15,"8":15,"9":19,"10":12,"11":7,"12":1,"13":6,"14":4,"15":2,"16":53,"17":52,"18":38,"19":33,"20":5,"21":14,"22":4,"23":0,"24":4,"25":10,"26":10,"27":8,"28":6,"29":6,"30":6,"31":6,"32":6,"33":6,"34":6,"35":14,"36":14,"37":5,"38":5,"39":5,"40":5,"41":5,"42":5,"43":5,"44":0,"45":0,"46":0,"47":1},"b":{"1":[19,8],"2":[17,2],"3":[15,2],"4":[12,7],"5":[1,6],"6":[4,2],"7":[52,1],"8":[38,14],"9":[33,5],"10":[4,10],"11":[0,4],"12":[8,2],"13":[6,2],"14":[6,0],"15":[5,0],"16":[0,0]},"f":{"1":28,"2":27,"3":0,"4":1,"5":15,"6":19,"7":53,"8":10,"9":14,"10":5,"11":0,"12":1},"fnMap":{"1":{"name":"constructor","line":29,"loc":{"start":{"line":29,"column":4},"end":{"line":31,"column":4}}},"2":{"name":"requireToBuy","line":75,"loc":{"start":{"line":75,"column":4},"end":{"line":90,"column":4}}},"3":{"name":null,"line":92,"loc":{"start":{"line":92,"column":4},"end":{"line":92,"column":25}}},"4":{"name":"setWhitelist","line":101,"loc":{"start":{"line":101,"column":4},"end":{"line":105,"column":4}}},"5":{"name":"changeSalesStatus","line":112,"loc":{"start":{"line":112,"column":4},"end":{"line":116,"column":4}}},"6":{"name":"_minimumAmountToBuy","line":123,"loc":{"start":{"line":123,"column":4},"end":{"line":135,"column":4}}},"7":{"name":"calculNumberOfTokenToBuy","line":143,"loc":{"start":{"line":143,"column":4},"end":{"line":180,"column":4}}},"8":{"name":"buyTokenWithTether","line":188,"loc":{"start":{"line":186,"column":4},"end":{"line":221,"column":4}}},"9":{"name":"getLatestPrice","line":226,"loc":{"start":{"line":226,"column":4},"end":{"line":233,"column":4}}},"10":{"name":"buyTokenWithEth","line":242,"loc":{"start":{"line":239,"column":4},"end":{"line":266,"column":4}}},"11":{"name":"getFunds","line":272,"loc":{"start":{"line":272,"column":4},"end":{"line":277,"column":4}}},"12":{"name":"seeFunds","line":282,"loc":{"start":{"line":282,"column":4},"end":{"line":284,"column":4}}}},"statementMap":{"1":{"start":{"line":30,"column":8},"end":{"line":30,"column":21}},"2":{"start":{"line":76,"column":8},"end":{"line":76,"column":2040}},"3":{"start":{"line":81,"column":8},"end":{"line":81,"column":2260}},"4":{"start":{"line":85,"column":8},"end":{"line":85,"column":2390}},"5":{"start":{"line":102,"column":8},"end":{"line":102,"column":2880}},"6":{"start":{"line":103,"column":12},"end":{"line":103,"column":54}},"7":{"start":{"line":113,"column":8},"end":{"line":113,"column":43}},"8":{"start":{"line":115,"column":8},"end":{"line":115,"column":46}},"9":{"start":{"line":128,"column":8},"end":{"line":128,"column":3676}},"10":{"start":{"line":129,"column":12},"end":{"line":129,"column":23}},"11":{"start":{"line":130,"column":8},"end":{"line":130,"column":3771}},"12":{"start":{"line":131,"column":12},"end":{"line":131,"column":23}},"13":{"start":{"line":132,"column":8},"end":{"line":132,"column":3868}},"14":{"start":{"line":133,"column":12},"end":{"line":133,"column":23}},"15":{"start":{"line":134,"column":13},"end":{"line":134,"column":25}},"16":{"start":{"line":148,"column":8},"end":{"line":148,"column":4374}},"17":{"start":{"line":152,"column":8},"end":{"line":152,"column":4500}},"18":{"start":{"line":153,"column":12},"end":{"line":153,"column":4555}},"19":{"start":{"line":156,"column":14},"end":{"line":156,"column":49}},"20":{"start":{"line":158,"column":16},"end":{"line":158,"column":4757}},"21":{"start":{"line":165,"column":15},"end":{"line":165,"column":5004}},"22":{"start":{"line":166,"column":12},"end":{"line":166,"column":5059}},"23":{"start":{"line":169,"column":14},"end":{"line":169,"column":49}},"24":{"start":{"line":171,"column":16},"end":{"line":171,"column":5260}},"25":{"start":{"line":178,"column":12},"end":{"line":178,"column":40}},"26":{"start":{"line":190,"column":8},"end":{"line":190,"column":5773}},"27":{"start":{"line":195,"column":8},"end":{"line":195,"column":5970}},"28":{"start":{"line":200,"column":8},"end":{"line":200,"column":6122}},"29":{"start":{"line":205,"column":8},"end":{"line":205,"column":45}},"30":{"start":{"line":207,"column":8},"end":{"line":207,"column":6316}},"31":{"start":{"line":211,"column":8},"end":{"line":211,"column":67}},"32":{"start":{"line":212,"column":8},"end":{"line":212,"column":43}},"33":{"start":{"line":214,"column":8},"end":{"line":214,"column":6568}},"34":{"start":{"line":220,"column":8},"end":{"line":220,"column":70}},"35":{"start":{"line":231,"column":8},"end":{"line":231,"column":36}},"36":{"start":{"line":232,"column":8},"end":{"line":232,"column":38}},"37":{"start":{"line":244,"column":8},"end":{"line":244,"column":7463}},"38":{"start":{"line":248,"column":8},"end":{"line":248,"column":7580}},"39":{"start":{"line":252,"column":8},"end":{"line":252,"column":7686}},"40":{"start":{"line":256,"column":8},"end":{"line":256,"column":68}},"41":{"start":{"line":257,"column":8},"end":{"line":257,"column":42}},"42":{"start":{"line":259,"column":8},"end":{"line":259,"column":7939}},"43":{"start":{"line":265,"column":8},"end":{"line":265,"column":71}},"44":{"start":{"line":273,"column":8},"end":{"line":273,"column":76}},"45":{"start":{"line":275,"column":8},"end":{"line":275,"column":70}},"46":{"start":{"line":276,"column":8},"end":{"line":276,"column":44}},"47":{"start":{"line":283,"column":8},"end":{"line":283,"column":77}}},"branchMap":{"1":{"line":76,"type":"if","locations":[{"start":{"line":76,"column":8},"end":{"line":76,"column":8}},{"start":{"line":76,"column":8},"end":{"line":76,"column":8}}]},"2":{"line":81,"type":"if","locations":[{"start":{"line":81,"column":8},"end":{"line":81,"column":8}},{"start":{"line":81,"column":8},"end":{"line":81,"column":8}}]},"3":{"line":85,"type":"if","locations":[{"start":{"line":85,"column":8},"end":{"line":85,"column":8}},{"start":{"line":85,"column":8},"end":{"line":85,"column":8}}]},"4":{"line":128,"type":"if","locations":[{"start":{"line":128,"column":8},"end":{"line":128,"column":8}},{"start":{"line":128,"column":8},"end":{"line":128,"column":8}}]},"5":{"line":130,"type":"if","locations":[{"start":{"line":130,"column":8},"end":{"line":130,"column":8}},{"start":{"line":130,"column":8},"end":{"line":130,"column":8}}]},"6":{"line":132,"type":"if","locations":[{"start":{"line":132,"column":8},"end":{"line":132,"column":8}},{"start":{"line":132,"column":8},"end":{"line":132,"column":8}}]},"7":{"line":148,"type":"if","locations":[{"start":{"line":148,"column":8},"end":{"line":148,"column":8}},{"start":{"line":148,"column":8},"end":{"line":148,"column":8}}]},"8":{"line":152,"type":"if","locations":[{"start":{"line":152,"column":8},"end":{"line":152,"column":8}},{"start":{"line":152,"column":8},"end":{"line":152,"column":8}}]},"9":{"line":153,"type":"if","locations":[{"start":{"line":153,"column":12},"end":{"line":153,"column":12}},{"start":{"line":153,"column":12},"end":{"line":153,"column":12}}]},"10":{"line":165,"type":"if","locations":[{"start":{"line":165,"column":15},"end":{"line":165,"column":15}},{"start":{"line":165,"column":15},"end":{"line":165,"column":15}}]},"11":{"line":166,"type":"if","locations":[{"start":{"line":166,"column":12},"end":{"line":166,"column":12}},{"start":{"line":166,"column":12},"end":{"line":166,"column":12}}]},"12":{"line":190,"type":"if","locations":[{"start":{"line":190,"column":8},"end":{"line":190,"column":8}},{"start":{"line":190,"column":8},"end":{"line":190,"column":8}}]},"13":{"line":195,"type":"if","locations":[{"start":{"line":195,"column":8},"end":{"line":195,"column":8}},{"start":{"line":195,"column":8},"end":{"line":195,"column":8}}]},"14":{"line":205,"type":"if","locations":[{"start":{"line":205,"column":8},"end":{"line":205,"column":8}},{"start":{"line":205,"column":8},"end":{"line":205,"column":8}}]},"15":{"line":244,"type":"if","locations":[{"start":{"line":244,"column":8},"end":{"line":244,"column":8}},{"start":{"line":244,"column":8},"end":{"line":244,"column":8}}]},"16":{"line":276,"type":"if","locations":[{"start":{"line":276,"column":8},"end":{"line":276,"column":8}},{"start":{"line":276,"column":8},"end":{"line":276,"column":8}}]}}},"contracts/USDT.sol":{"l":{"9":25,"13":0,"17":0},"path":"/home/jb/Projets/Antk/Private Sale/truffle/contracts/USDT.sol","s":{"1":25,"2":0,"3":0},"b":{},"f":{"1":25,"2":0,"3":0},"fnMap":{"1":{"name":"constructor","line":8,"loc":{"start":{"line":8,"column":4},"end":{"line":11,"column":4}}},"2":{"name":"decimals","line":12,"loc":{"start":{"line":12,"column":4},"end":{"line":14,"column":4}}},"3":{"name":"getAddr","line":16,"loc":{"start":{"line":16,"column":4},"end":{"line":18,"column":4}}}},"statementMap":{"1":{"start":{"line":9,"column":8},"end":{"line":9,"column":48}},"2":{"start":{"line":13,"column":8},"end":{"line":13,"column":16}},"3":{"start":{"line":17,"column":8},"end":{"line":17,"column":28}}},"branchMap":{}}}