{"contracts/AntkPrivate.sol":{"l":{"74":0,"79":0,"83":0,"87":0,"96":0,"97":0,"107":0,"109":0,"123":0,"127":0,"128":0,"133":0,"141":0,"146":0,"153":0,"165":0,"170":0,"175":0,"180":0,"182":0,"186":0,"187":0,"189":0,"195":0,"202":0,"205":0,"207":0,"219":0,"223":0,"227":0,"231":0,"232":0,"234":0,"240":0,"248":0,"250":0,"251":0,"258":0},"path":"/home/jb/Projets/Antk/Private Sale/truffle/contracts/AntkPrivate.sol","s":{"1":0,"2":0,"3":0,"4":0,"5":0,"6":0,"7":0,"8":0,"9":0,"10":0,"11":0,"12":0,"13":0,"14":0,"15":0,"16":0,"17":0,"18":0,"19":0,"20":0,"21":0,"22":0,"23":0,"24":0,"25":0,"26":0,"27":0,"28":0,"29":0,"30":0,"31":0,"32":0,"33":0,"34":0,"35":0,"36":0,"37":0,"38":0,"39":0,"40":0},"b":{"1":[0,0],"2":[0,0],"3":[0,0],"4":[0,0],"5":[0,0],"6":[0,0],"7":[0,0],"8":[0,0],"9":[0,0],"10":[0,0],"11":[0,0],"12":[0,0],"13":[0,0]},"f":{"1":0,"2":0,"3":0,"4":0,"5":0,"6":0,"7":0,"8":0,"9":0},"fnMap":{"1":{"name":"requireToBuy","line":73,"loc":{"start":{"line":73,"column":4},"end":{"line":88,"column":4}}},"2":{"name":"setWhitelist","line":95,"loc":{"start":{"line":95,"column":4},"end":{"line":99,"column":4}}},"3":{"name":"changeSalesStatus","line":106,"loc":{"start":{"line":106,"column":4},"end":{"line":110,"column":4}}},"4":{"name":"calculNumberOfTokenToBuy","line":118,"loc":{"start":{"line":118,"column":4},"end":{"line":155,"column":4}}},"5":{"name":"buyTokenWithTether","line":163,"loc":{"start":{"line":161,"column":4},"end":{"line":196,"column":4}}},"6":{"name":"getLatestPrice","line":201,"loc":{"start":{"line":201,"column":4},"end":{"line":208,"column":4}}},"7":{"name":"buyTokenWithEth","line":217,"loc":{"start":{"line":214,"column":4},"end":{"line":241,"column":4}}},"8":{"name":"getFunds","line":247,"loc":{"start":{"line":247,"column":4},"end":{"line":252,"column":4}}},"9":{"name":"seeFunds","line":257,"loc":{"start":{"line":257,"column":4},"end":{"line":259,"column":4}}}},"statementMap":{"1":{"start":{"line":74,"column":8},"end":{"line":74,"column":2045}},"2":{"start":{"line":79,"column":8},"end":{"line":79,"column":2265}},"3":{"start":{"line":83,"column":8},"end":{"line":83,"column":2377}},"4":{"start":{"line":96,"column":8},"end":{"line":96,"column":2804}},"5":{"start":{"line":97,"column":12},"end":{"line":97,"column":54}},"6":{"start":{"line":107,"column":8},"end":{"line":107,"column":43}},"7":{"start":{"line":109,"column":8},"end":{"line":109,"column":46}},"8":{"start":{"line":123,"column":8},"end":{"line":123,"column":3676}},"9":{"start":{"line":127,"column":8},"end":{"line":127,"column":3802}},"10":{"start":{"line":128,"column":12},"end":{"line":128,"column":3857}},"11":{"start":{"line":131,"column":14},"end":{"line":131,"column":49}},"12":{"start":{"line":133,"column":16},"end":{"line":133,"column":4059}},"13":{"start":{"line":140,"column":15},"end":{"line":140,"column":4306}},"14":{"start":{"line":141,"column":12},"end":{"line":141,"column":4361}},"15":{"start":{"line":144,"column":14},"end":{"line":144,"column":49}},"16":{"start":{"line":146,"column":16},"end":{"line":146,"column":4562}},"17":{"start":{"line":153,"column":12},"end":{"line":153,"column":40}},"18":{"start":{"line":165,"column":8},"end":{"line":165,"column":5075}},"19":{"start":{"line":170,"column":8},"end":{"line":170,"column":5272}},"20":{"start":{"line":175,"column":8},"end":{"line":175,"column":5424}},"21":{"start":{"line":180,"column":8},"end":{"line":180,"column":45}},"22":{"start":{"line":182,"column":8},"end":{"line":182,"column":5618}},"23":{"start":{"line":186,"column":8},"end":{"line":186,"column":67}},"24":{"start":{"line":187,"column":8},"end":{"line":187,"column":43}},"25":{"start":{"line":189,"column":8},"end":{"line":189,"column":5870}},"26":{"start":{"line":195,"column":8},"end":{"line":195,"column":70}},"27":{"start":{"line":202,"column":8},"end":{"line":202,"column":6221}},"28":{"start":{"line":205,"column":8},"end":{"line":205,"column":60}},"29":{"start":{"line":207,"column":8},"end":{"line":207,"column":38}},"30":{"start":{"line":219,"column":8},"end":{"line":219,"column":6716}},"31":{"start":{"line":223,"column":8},"end":{"line":223,"column":6833}},"32":{"start":{"line":227,"column":8},"end":{"line":227,"column":6939}},"33":{"start":{"line":231,"column":8},"end":{"line":231,"column":68}},"34":{"start":{"line":232,"column":8},"end":{"line":232,"column":42}},"35":{"start":{"line":234,"column":8},"end":{"line":234,"column":7192}},"36":{"start":{"line":240,"column":8},"end":{"line":240,"column":71}},"37":{"start":{"line":248,"column":8},"end":{"line":248,"column":76}},"38":{"start":{"line":250,"column":8},"end":{"line":250,"column":70}},"39":{"start":{"line":251,"column":8},"end":{"line":251,"column":44}},"40":{"start":{"line":258,"column":8},"end":{"line":258,"column":77}}},"branchMap":{"1":{"line":74,"type":"if","locations":[{"start":{"line":74,"column":8},"end":{"line":74,"column":8}},{"start":{"line":74,"column":8},"end":{"line":74,"column":8}}]},"2":{"line":79,"type":"if","locations":[{"start":{"line":79,"column":8},"end":{"line":79,"column":8}},{"start":{"line":79,"column":8},"end":{"line":79,"column":8}}]},"3":{"line":83,"type":"if","locations":[{"start":{"line":83,"column":8},"end":{"line":83,"column":8}},{"start":{"line":83,"column":8},"end":{"line":83,"column":8}}]},"4":{"line":123,"type":"if","locations":[{"start":{"line":123,"column":8},"end":{"line":123,"column":8}},{"start":{"line":123,"column":8},"end":{"line":123,"column":8}}]},"5":{"line":127,"type":"if","locations":[{"start":{"line":127,"column":8},"end":{"line":127,"column":8}},{"start":{"line":127,"column":8},"end":{"line":127,"column":8}}]},"6":{"line":128,"type":"if","locations":[{"start":{"line":128,"column":12},"end":{"line":128,"column":12}},{"start":{"line":128,"column":12},"end":{"line":128,"column":12}}]},"7":{"line":140,"type":"if","locations":[{"start":{"line":140,"column":15},"end":{"line":140,"column":15}},{"start":{"line":140,"column":15},"end":{"line":140,"column":15}}]},"8":{"line":141,"type":"if","locations":[{"start":{"line":141,"column":12},"end":{"line":141,"column":12}},{"start":{"line":141,"column":12},"end":{"line":141,"column":12}}]},"9":{"line":165,"type":"if","locations":[{"start":{"line":165,"column":8},"end":{"line":165,"column":8}},{"start":{"line":165,"column":8},"end":{"line":165,"column":8}}]},"10":{"line":170,"type":"if","locations":[{"start":{"line":170,"column":8},"end":{"line":170,"column":8}},{"start":{"line":170,"column":8},"end":{"line":170,"column":8}}]},"11":{"line":180,"type":"if","locations":[{"start":{"line":180,"column":8},"end":{"line":180,"column":8}},{"start":{"line":180,"column":8},"end":{"line":180,"column":8}}]},"12":{"line":219,"type":"if","locations":[{"start":{"line":219,"column":8},"end":{"line":219,"column":8}},{"start":{"line":219,"column":8},"end":{"line":219,"column":8}}]},"13":{"line":251,"type":"if","locations":[{"start":{"line":251,"column":8},"end":{"line":251,"column":8}},{"start":{"line":251,"column":8},"end":{"line":251,"column":8}}]}}},"contracts/AntkPrivateTest.sol":{"l":{"30":29,"76":27,"81":19,"85":19,"89":17,"98":2,"99":14,"109":16,"111":16,"125":61,"129":60,"130":42,"135":9,"143":8,"148":8,"155":10,"167":12,"172":10,"177":8,"182":8,"184":8,"188":8,"189":8,"191":8,"197":8,"208":14,"209":14,"221":5,"225":5,"229":5,"233":5,"234":5,"236":5,"242":5,"250":1,"252":1,"253":1,"260":1},"path":"/home/jb/Projets/Antk/Private Sale/truffle/contracts/AntkPrivateTest.sol","s":{"1":29,"2":27,"3":19,"4":19,"5":2,"6":14,"7":16,"8":16,"9":61,"10":60,"11":42,"12":33,"13":9,"14":18,"15":8,"16":0,"17":8,"18":10,"19":12,"20":10,"21":8,"22":8,"23":8,"24":8,"25":8,"26":8,"27":8,"28":14,"29":14,"30":5,"31":5,"32":5,"33":5,"34":5,"35":5,"36":5,"37":1,"38":1,"39":1,"40":1},"b":{"1":[19,8],"2":[19,0],"3":[17,2],"4":[60,1],"5":[42,18],"6":[33,9],"7":[8,10],"8":[0,8],"9":[10,2],"10":[8,2],"11":[8,0],"12":[5,0],"13":[1,0]},"f":{"1":29,"2":27,"3":2,"4":16,"5":61,"6":12,"7":14,"8":5,"9":1,"10":1},"fnMap":{"1":{"name":"constructor","line":29,"loc":{"start":{"line":29,"column":4},"end":{"line":31,"column":4}}},"2":{"name":"requireToBuy","line":75,"loc":{"start":{"line":75,"column":4},"end":{"line":90,"column":4}}},"3":{"name":"setWhitelist","line":97,"loc":{"start":{"line":97,"column":4},"end":{"line":101,"column":4}}},"4":{"name":"changeSalesStatus","line":108,"loc":{"start":{"line":108,"column":4},"end":{"line":112,"column":4}}},"5":{"name":"calculNumberOfTokenToBuy","line":120,"loc":{"start":{"line":120,"column":4},"end":{"line":157,"column":4}}},"6":{"name":"buyTokenWithTether","line":165,"loc":{"start":{"line":163,"column":4},"end":{"line":198,"column":4}}},"7":{"name":"getLatestPrice","line":203,"loc":{"start":{"line":203,"column":4},"end":{"line":210,"column":4}}},"8":{"name":"buyTokenWithEth","line":219,"loc":{"start":{"line":216,"column":4},"end":{"line":243,"column":4}}},"9":{"name":"getFunds","line":249,"loc":{"start":{"line":249,"column":4},"end":{"line":254,"column":4}}},"10":{"name":"seeFunds","line":259,"loc":{"start":{"line":259,"column":4},"end":{"line":261,"column":4}}}},"statementMap":{"1":{"start":{"line":30,"column":8},"end":{"line":30,"column":21}},"2":{"start":{"line":76,"column":8},"end":{"line":76,"column":2040}},"3":{"start":{"line":81,"column":8},"end":{"line":81,"column":2260}},"4":{"start":{"line":85,"column":8},"end":{"line":85,"column":2372}},"5":{"start":{"line":98,"column":8},"end":{"line":98,"column":2799}},"6":{"start":{"line":99,"column":12},"end":{"line":99,"column":54}},"7":{"start":{"line":109,"column":8},"end":{"line":109,"column":43}},"8":{"start":{"line":111,"column":8},"end":{"line":111,"column":46}},"9":{"start":{"line":125,"column":8},"end":{"line":125,"column":3671}},"10":{"start":{"line":129,"column":8},"end":{"line":129,"column":3797}},"11":{"start":{"line":130,"column":12},"end":{"line":130,"column":3852}},"12":{"start":{"line":133,"column":14},"end":{"line":133,"column":49}},"13":{"start":{"line":135,"column":16},"end":{"line":135,"column":4054}},"14":{"start":{"line":142,"column":15},"end":{"line":142,"column":4301}},"15":{"start":{"line":143,"column":12},"end":{"line":143,"column":4356}},"16":{"start":{"line":146,"column":14},"end":{"line":146,"column":49}},"17":{"start":{"line":148,"column":16},"end":{"line":148,"column":4557}},"18":{"start":{"line":155,"column":12},"end":{"line":155,"column":40}},"19":{"start":{"line":167,"column":8},"end":{"line":167,"column":5070}},"20":{"start":{"line":172,"column":8},"end":{"line":172,"column":5267}},"21":{"start":{"line":177,"column":8},"end":{"line":177,"column":5419}},"22":{"start":{"line":182,"column":8},"end":{"line":182,"column":45}},"23":{"start":{"line":184,"column":8},"end":{"line":184,"column":5613}},"24":{"start":{"line":188,"column":8},"end":{"line":188,"column":67}},"25":{"start":{"line":189,"column":8},"end":{"line":189,"column":43}},"26":{"start":{"line":191,"column":8},"end":{"line":191,"column":5865}},"27":{"start":{"line":197,"column":8},"end":{"line":197,"column":70}},"28":{"start":{"line":208,"column":8},"end":{"line":208,"column":36}},"29":{"start":{"line":209,"column":8},"end":{"line":209,"column":38}},"30":{"start":{"line":221,"column":8},"end":{"line":221,"column":6760}},"31":{"start":{"line":225,"column":8},"end":{"line":225,"column":6877}},"32":{"start":{"line":229,"column":8},"end":{"line":229,"column":6983}},"33":{"start":{"line":233,"column":8},"end":{"line":233,"column":68}},"34":{"start":{"line":234,"column":8},"end":{"line":234,"column":42}},"35":{"start":{"line":236,"column":8},"end":{"line":236,"column":7236}},"36":{"start":{"line":242,"column":8},"end":{"line":242,"column":71}},"37":{"start":{"line":250,"column":8},"end":{"line":250,"column":76}},"38":{"start":{"line":252,"column":8},"end":{"line":252,"column":70}},"39":{"start":{"line":253,"column":8},"end":{"line":253,"column":44}},"40":{"start":{"line":260,"column":8},"end":{"line":260,"column":77}}},"branchMap":{"1":{"line":76,"type":"if","locations":[{"start":{"line":76,"column":8},"end":{"line":76,"column":8}},{"start":{"line":76,"column":8},"end":{"line":76,"column":8}}]},"2":{"line":81,"type":"if","locations":[{"start":{"line":81,"column":8},"end":{"line":81,"column":8}},{"start":{"line":81,"column":8},"end":{"line":81,"column":8}}]},"3":{"line":85,"type":"if","locations":[{"start":{"line":85,"column":8},"end":{"line":85,"column":8}},{"start":{"line":85,"column":8},"end":{"line":85,"column":8}}]},"4":{"line":125,"type":"if","locations":[{"start":{"line":125,"column":8},"end":{"line":125,"column":8}},{"start":{"line":125,"column":8},"end":{"line":125,"column":8}}]},"5":{"line":129,"type":"if","locations":[{"start":{"line":129,"column":8},"end":{"line":129,"column":8}},{"start":{"line":129,"column":8},"end":{"line":129,"column":8}}]},"6":{"line":130,"type":"if","locations":[{"start":{"line":130,"column":12},"end":{"line":130,"column":12}},{"start":{"line":130,"column":12},"end":{"line":130,"column":12}}]},"7":{"line":142,"type":"if","locations":[{"start":{"line":142,"column":15},"end":{"line":142,"column":15}},{"start":{"line":142,"column":15},"end":{"line":142,"column":15}}]},"8":{"line":143,"type":"if","locations":[{"start":{"line":143,"column":12},"end":{"line":143,"column":12}},{"start":{"line":143,"column":12},"end":{"line":143,"column":12}}]},"9":{"line":167,"type":"if","locations":[{"start":{"line":167,"column":8},"end":{"line":167,"column":8}},{"start":{"line":167,"column":8},"end":{"line":167,"column":8}}]},"10":{"line":172,"type":"if","locations":[{"start":{"line":172,"column":8},"end":{"line":172,"column":8}},{"start":{"line":172,"column":8},"end":{"line":172,"column":8}}]},"11":{"line":182,"type":"if","locations":[{"start":{"line":182,"column":8},"end":{"line":182,"column":8}},{"start":{"line":182,"column":8},"end":{"line":182,"column":8}}]},"12":{"line":221,"type":"if","locations":[{"start":{"line":221,"column":8},"end":{"line":221,"column":8}},{"start":{"line":221,"column":8},"end":{"line":221,"column":8}}]},"13":{"line":253,"type":"if","locations":[{"start":{"line":253,"column":8},"end":{"line":253,"column":8}},{"start":{"line":253,"column":8},"end":{"line":253,"column":8}}]}}},"contracts/USDT.sol":{"l":{"9":26,"13":0,"17":0},"path":"/home/jb/Projets/Antk/Private Sale/truffle/contracts/USDT.sol","s":{"1":26,"2":0,"3":0},"b":{},"f":{"1":26,"2":0,"3":0},"fnMap":{"1":{"name":"constructor","line":8,"loc":{"start":{"line":8,"column":4},"end":{"line":11,"column":4}}},"2":{"name":"decimals","line":12,"loc":{"start":{"line":12,"column":4},"end":{"line":14,"column":4}}},"3":{"name":"getAddr","line":16,"loc":{"start":{"line":16,"column":4},"end":{"line":18,"column":4}}}},"statementMap":{"1":{"start":{"line":9,"column":8},"end":{"line":9,"column":48}},"2":{"start":{"line":13,"column":8},"end":{"line":13,"column":16}},"3":{"start":{"line":17,"column":8},"end":{"line":17,"column":28}}},"branchMap":{}}}