{
"contracts\\AntkPrivate.sol":{"l":{"86":5,"87":5,"88":5,"89":5,"98":0,"103":0,"104":0,"108":0,"117":0,"129":1,"130":1,"134":0,"143":0,"145":0,"159":0,"163":0,"164":0,"169":0,"177":0,"182":0,"189":0,"202":0,"204":0,"209":0,"211":0,"214":0,"216":0,"218":0,"220":0,"221":0,"230":0,"233":0,"235":0,"250":0,"254":0,"256":0,"259":0,"261":0,"263":0,"265":0,"266":0,"276":0,"277":0,"278":0,"280":0,"282":0,"283":0,"291":0,"296":0,"299":0,"306":0},"path":"E:\\Projets\\Antk\\Private Sale\\truffle\\contracts\\AntkPrivate.sol","s":{"1":5,"2":5,"3":5,"4":5,"5":0,"6":0,"7":0,"8":0,"9":1,"10":1,"11":0,"12":0,"13":0,"14":0,"15":0,"16":0,"17":0,"18":0,"19":0,"20":0,"21":0,"22":0,"23":0,"24":0,"25":0,"26":0,"27":0,"28":0,"29":0,"30":0,"31":0,"32":0,"33":0,"34":0,"35":0,"36":0,"37":0,"38":0,"39":0,"40":0,"41":0,"42":0,"43":0,"44":0,"45":0,"46":0,"47":0,"48":0,"49":0,"50":0,"51":0,"52":0,"53":0},"b":{"1":[0,0],"2":[0,0],"3":[0,0],"4":[0,1],"5":[0,0],"6":[0,0],"7":[0,0],"8":[0,0],"9":[0,0],"10":[0,0],"11":[0,0],"12":[0,0],"13":[0,0],"14":[0,0]},"f":{"1":5,"2":0,"3":0,"4":1,"5":0,"6":0,"7":0,"8":0,"9":0,"10":0,"11":0,"12":0},"fnMap":{"1":{"name":"constructor","line":85,"loc":{"start":{"line":85,"column":4},"end":{"line":90,"column":4}}},"2":{"name":"requireToBuy","line":97,"loc":{"start":{"line":97,"column":4},"end":{"line":109,"column":4}}},"3":{"name":"setRoot","line":116,"loc":{"start":{"line":116,"column":4},"end":{"line":118,"column":4}}},"4":{"name":"isWhitelist","line":124,"loc":{"start":{"line":124,"column":4},"end":{"line":135,"column":4}}},"5":{"name":"changeSalesStatus","line":142,"loc":{"start":{"line":142,"column":4},"end":{"line":146,"column":4}}},"6":{"name":"calculNumberOfTokenToBuy","line":154,"loc":{"start":{"line":154,"column":4},"end":{"line":191,"column":4}}},"7":{"name":"buyTokenWithTether","line":200,"loc":{"start":{"line":197,"column":4},"end":{"line":223,"column":4}}},"8":{"name":"getLatestPrice","line":228,"loc":{"start":{"line":228,"column":4},"end":{"line":236,"column":4}}},"9":{"name":"buyTokenWithEth","line":248,"loc":{"start":{"line":242,"column":4},"end":{"line":268,"column":4}}},"10":{"name":"_setBonus","line":275,"loc":{"start":{"line":275,"column":4},"end":{"line":284,"column":4}}},"11":{"name":"getFunds","line":290,"loc":{"start":{"line":290,"column":4},"end":{"line":300,"column":4}}},"12":{"name":"seeFunds","line":305,"loc":{"start":{"line":305,"column":4},"end":{"line":307,"column":4}}}},"statementMap":{"1":{"start":{"line":86,"column":8},"end":{"line":86,"column":19}},"2":{"start":{"line":87,"column":8},"end":{"line":87,"column":27}},"3":{"start":{"line":88,"column":8},"end":{"line":88,"column":31}},"4":{"start":{"line":89,"column":8},"end":{"line":89,"column":19}},"5":{"start":{"line":98,"column":8},"end":{"line":98,"column":3083}},"6":{"start":{"line":103,"column":8},"end":{"line":103,"column":77}},"7":{"start":{"line":104,"column":8},"end":{"line":104,"column":3379}},"8":{"start":{"line":117,"column":8},"end":{"line":117,"column":19}},"9":{"start":{"line":129,"column":8},"end":{"line":129,"column":62}},"10":{"start":{"line":130,"column":8},"end":{"line":130,"column":4156}},"11":{"start":{"line":134,"column":8},"end":{"line":134,"column":19}},"12":{"start":{"line":143,"column":8},"end":{"line":143,"column":43}},"13":{"start":{"line":145,"column":8},"end":{"line":145,"column":46}},"14":{"start":{"line":159,"column":8},"end":{"line":159,"column":5102}},"15":{"start":{"line":163,"column":8},"end":{"line":163,"column":5232}},"16":{"start":{"line":164,"column":12},"end":{"line":164,"column":5288}},"17":{"start":{"line":167,"column":14},"end":{"line":167,"column":49}},"18":{"start":{"line":169,"column":16},"end":{"line":169,"column":5495}},"19":{"start":{"line":176,"column":15},"end":{"line":176,"column":5749}},"20":{"start":{"line":177,"column":12},"end":{"line":177,"column":5805}},"21":{"start":{"line":180,"column":14},"end":{"line":180,"column":49}},"22":{"start":{"line":182,"column":16},"end":{"line":182,"column":6011}},"23":{"start":{"line":189,"column":12},"end":{"line":189,"column":40}},"24":{"start":{"line":202,"column":8},"end":{"line":202,"column":77}},"25":{"start":{"line":204,"column":8},"end":{"line":204,"column":6677}},"26":{"start":{"line":209,"column":8},"end":{"line":209,"column":45}},"27":{"start":{"line":211,"column":8},"end":{"line":211,"column":6878}},"28":{"start":{"line":214,"column":8},"end":{"line":214,"column":67}},"29":{"start":{"line":216,"column":8},"end":{"line":216,"column":70}},"30":{"start":{"line":218,"column":8},"end":{"line":218,"column":48}},"31":{"start":{"line":220,"column":8},"end":{"line":220,"column":7191}},"32":{"start":{"line":221,"column":12},"end":{"line":221,"column":74}},"33":{"start":{"line":230,"column":8},"end":{"line":230,"column":7490}},"34":{"start":{"line":233,"column":8},"end":{"line":233,"column":60}},"35":{"start":{"line":235,"column":8},"end":{"line":235,"column":29}},"36":{"start":{"line":250,"column":8},"end":{"line":250,"column":8042}},"37":{"start":{"line":254,"column":8},"end":{"line":254,"column":78}},"38":{"start":{"line":256,"column":8},"end":{"line":256,"column":8235}},"39":{"start":{"line":259,"column":8},"end":{"line":259,"column":77}},"40":{"start":{"line":261,"column":8},"end":{"line":261,"column":71}},"41":{"start":{"line":263,"column":8},"end":{"line":263,"column":48}},"42":{"start":{"line":265,"column":8},"end":{"line":265,"column":8559}},"43":{"start":{"line":266,"column":12},"end":{"line":266,"column":75}},"44":{"start":{"line":276,"column":8},"end":{"line":276,"column":21}},"45":{"start":{"line":277,"column":8},"end":{"line":277,"column":8997}},"46":{"start":{"line":278,"column":12},"end":{"line":278,"column":36}},"47":{"start":{"line":280,"column":12},"end":{"line":280,"column":45}},"48":{"start":{"line":282,"column":8},"end":{"line":282,"column":49}},"49":{"start":{"line":283,"column":8},"end":{"line":283,"column":34}},"50":{"start":{"line":291,"column":8},"end":{"line":291,"column":9443}},"51":{"start":{"line":296,"column":8},"end":{"line":296,"column":9570}},"52":{"start":{"line":299,"column":8},"end":{"line":299,"column":44}},"53":{"start":{"line":306,"column":8},"end":{"line":306,"column":77}}},"branchMap":{"1":{"line":98,"type":"if","locations":[{"start":{"line":98,"column":8},"end":{"line":98,"column":8}},{"start":{"line":98,"column":8},"end":{"line":98,"column":8}}]},"2":{"line":103,"type":"if","locations":[{"start":{"line":103,"column":8},"end":{"line":103,"column":8}},{"start":{"line":103,"column":8},"end":{"line":103,"column":8}}]},"3":{"line":104,"type":"if","locations":[{"start":{"line":104,"column":8},"end":{"line":104,"column":8}},{"start":{"line":104,"column":8},"end":{"line":104,"column":8}}]},"4":{"line":130,"type":"if","locations":[{"start":{"line":130,"column":8},"end":{"line":130,"column":8}},{"start":{"line":130,"column":8},"end":{"line":130,"column":8}}]},"5":{"line":159,"type":"if","locations":[{"start":{"line":159,"column":8},"end":{"line":159,"column":8}},{"start":{"line":159,"column":8},"end":{"line":159,"column":8}}]},"6":{"line":163,"type":"if","locations":[{"start":{"line":163,"column":8},"end":{"line":163,"column":8}},{"start":{"line":163,"column":8},"end":{"line":163,"column":8}}]},"7":{"line":164,"type":"if","locations":[{"start":{"line":164,"column":12},"end":{"line":164,"column":12}},{"start":{"line":164,"column":12},"end":{"line":164,"column":12}}]},"8":{"line":176,"type":"if","locations":[{"start":{"line":176,"column":15},"end":{"line":176,"column":15}},{"start":{"line":176,"column":15},"end":{"line":176,"column":15}}]},"9":{"line":177,"type":"if","locations":[{"start":{"line":177,"column":12},"end":{"line":177,"column":12}},{"start":{"line":177,"column":12},"end":{"line":177,"column":12}}]},"10":{"line":209,"type":"if","locations":[{"start":{"line":209,"column":8},"end":{"line":209,"column":8}},{"start":{"line":209,"column":8},"end":{"line":209,"column":8}}]},"11":{"line":220,"type":"if","locations":[{"start":{"line":220,"column":8},"end":{"line":220,"column":8}},{"start":{"line":220,"column":8},"end":{"line":220,"column":8}}]},"12":{"line":265,"type":"if","locations":[{"start":{"line":265,"column":8},"end":{"line":265,"column":8}},{"start":{"line":265,"column":8},"end":{"line":265,"column":8}}]},"13":{"line":277,"type":"if","locations":[{"start":{"line":277,"column":8},"end":{"line":277,"column":8}},{"start":{"line":277,"column":8},"end":{"line":277,"column":8}}]},"14":{"line":299,"type":"if","locations":[{"start":{"line":299,"column":8},"end":{"line":299,"column":8}},{"start":{"line":299,"column":8},"end":{"line":299,"column":8}}]}}},
"contracts\\USDT.sol":{"l":{"9":2,"13":0,"17":0},"path":"E:\\Projets\\Antk\\Private Sale\\truffle\\contracts\\USDT.sol","s":{"1":2,"2":0,"3":0},"b":{},"f":{"1":2,"2":0,"3":0},"fnMap":{"1":{"name":"constructor","line":8,"loc":{"start":{"line":8,"column":4},"end":{"line":11,"column":4}}},"2":{"name":"decimals","line":12,"loc":{"start":{"line":12,"column":4},"end":{"line":14,"column":4}}},"3":{"name":"getAddr","line":16,"loc":{"start":{"line":16,"column":4},"end":{"line":18,"column":4}}}},"statementMap":{"1":{"start":{"line":9,"column":8},"end":{"line":9,"column":48}},"2":{"start":{"line":13,"column":8},"end":{"line":13,"column":16}},"3":{"start":{"line":17,"column":8},"end":{"line":17,"column":28}}},"branchMap":{}}}
