{
"contracts\\AntkPrivate.sol":{"l":{"86":33,"87":33,"88":33,"89":33,"98":30,"103":22,"104":22,"108":20,"117":0,"129":32,"130":32,"139":20,"141":20,"155":45,"159":44,"160":36,"165":3,"173":2,"178":2,"185":6,"198":16,"200":16,"205":12,"207":12,"210":12,"212":12,"214":12,"216":12,"217":9,"231":12,"246":4,"250":4,"252":4,"255":4,"257":4,"259":4,"261":4,"262":4,"272":13,"273":13,"274":13,"275":12,"278":0,"279":0,"282":13,"283":13,"291":0,"296":0,"299":0,"306":1},"path":"E:\\Projets\\Antk\\Private Sale\\truffle\\contracts\\AntkPrivate.sol","s":{"1":33,"2":33,"3":33,"4":33,"5":30,"6":22,"7":22,"8":0,"9":32,"10":32,"11":20,"12":20,"13":45,"14":44,"15":36,"16":33,"17":3,"18":8,"19":2,"20":0,"21":2,"22":6,"23":16,"24":16,"25":12,"26":12,"27":12,"28":12,"29":12,"30":12,"31":9,"32":12,"33":4,"34":4,"35":4,"36":4,"37":4,"38":4,"39":4,"40":4,"41":13,"42":13,"43":13,"44":12,"45":1,"46":0,"47":0,"48":0,"49":13,"50":13,"51":0,"52":0,"53":0,"54":1},"b":{"1":[22,8],"2":[22,0],"3":[20,2],"4":[44,1],"5":[36,8],"6":[33,3],"7":[2,6],"8":[0,2],"9":[12,0],"10":[9,3],"11":[4,0],"12":[13,0],"13":[12,1],"14":[0,0],"15":[0,0]},"f":{"1":33,"2":30,"3":0,"4":32,"5":20,"6":45,"7":16,"8":12,"9":4,"10":13,"11":0,"12":1},"fnMap":{"1":{"name":"constructor","line":85,"loc":{"start":{"line":85,"column":4},"end":{"line":90,"column":4}}},"2":{"name":"requireToBuy","line":97,"loc":{"start":{"line":97,"column":4},"end":{"line":109,"column":4}}},"3":{"name":"setRoot","line":116,"loc":{"start":{"line":116,"column":4},"end":{"line":118,"column":4}}},"4":{"name":"isWhitelist","line":124,"loc":{"start":{"line":124,"column":4},"end":{"line":131,"column":4}}},"5":{"name":"changeSalesStatus","line":138,"loc":{"start":{"line":138,"column":4},"end":{"line":142,"column":4}}},"6":{"name":"calculNumberOfTokenToBuy","line":150,"loc":{"start":{"line":150,"column":4},"end":{"line":187,"column":4}}},"7":{"name":"buyTokenWithTether","line":196,"loc":{"start":{"line":193,"column":4},"end":{"line":219,"column":4}}},"8":{"name":"getLatestPrice","line":224,"loc":{"start":{"line":224,"column":4},"end":{"line":232,"column":4}}},"9":{"name":"buyTokenWithEth","line":244,"loc":{"start":{"line":238,"column":4},"end":{"line":264,"column":4}}},"10":{"name":"_setBonus","line":271,"loc":{"start":{"line":271,"column":4},"end":{"line":284,"column":4}}},"11":{"name":"getFunds","line":290,"loc":{"start":{"line":290,"column":4},"end":{"line":300,"column":4}}},"12":{"name":"seeFunds","line":305,"loc":{"start":{"line":305,"column":4},"end":{"line":307,"column":4}}}},"statementMap":{"1":{"start":{"line":86,"column":8},"end":{"line":86,"column":19}},"2":{"start":{"line":87,"column":8},"end":{"line":87,"column":27}},"3":{"start":{"line":88,"column":8},"end":{"line":88,"column":31}},"4":{"start":{"line":89,"column":8},"end":{"line":89,"column":19}},"5":{"start":{"line":98,"column":8},"end":{"line":98,"column":3083}},"6":{"start":{"line":103,"column":8},"end":{"line":103,"column":77}},"7":{"start":{"line":104,"column":8},"end":{"line":104,"column":3379}},"8":{"start":{"line":117,"column":8},"end":{"line":117,"column":19}},"9":{"start":{"line":129,"column":8},"end":{"line":129,"column":62}},"10":{"start":{"line":130,"column":8},"end":{"line":130,"column":59}},"11":{"start":{"line":139,"column":8},"end":{"line":139,"column":43}},"12":{"start":{"line":141,"column":8},"end":{"line":141,"column":46}},"13":{"start":{"line":155,"column":8},"end":{"line":155,"column":5022}},"14":{"start":{"line":159,"column":8},"end":{"line":159,"column":5152}},"15":{"start":{"line":160,"column":12},"end":{"line":160,"column":5208}},"16":{"start":{"line":163,"column":14},"end":{"line":163,"column":49}},"17":{"start":{"line":165,"column":16},"end":{"line":165,"column":5415}},"18":{"start":{"line":172,"column":15},"end":{"line":172,"column":5669}},"19":{"start":{"line":173,"column":12},"end":{"line":173,"column":5725}},"20":{"start":{"line":176,"column":14},"end":{"line":176,"column":49}},"21":{"start":{"line":178,"column":16},"end":{"line":178,"column":5931}},"22":{"start":{"line":185,"column":12},"end":{"line":185,"column":40}},"23":{"start":{"line":198,"column":8},"end":{"line":198,"column":77}},"24":{"start":{"line":200,"column":8},"end":{"line":200,"column":6597}},"25":{"start":{"line":205,"column":8},"end":{"line":205,"column":45}},"26":{"start":{"line":207,"column":8},"end":{"line":207,"column":6798}},"27":{"start":{"line":210,"column":8},"end":{"line":210,"column":67}},"28":{"start":{"line":212,"column":8},"end":{"line":212,"column":70}},"29":{"start":{"line":214,"column":8},"end":{"line":214,"column":48}},"30":{"start":{"line":216,"column":8},"end":{"line":216,"column":7111}},"31":{"start":{"line":217,"column":12},"end":{"line":217,"column":74}},"32":{"start":{"line":231,"column":8},"end":{"line":231,"column":36}},"33":{"start":{"line":246,"column":8},"end":{"line":246,"column":7981}},"34":{"start":{"line":250,"column":8},"end":{"line":250,"column":78}},"35":{"start":{"line":252,"column":8},"end":{"line":252,"column":8174}},"36":{"start":{"line":255,"column":8},"end":{"line":255,"column":77}},"37":{"start":{"line":257,"column":8},"end":{"line":257,"column":71}},"38":{"start":{"line":259,"column":8},"end":{"line":259,"column":48}},"39":{"start":{"line":261,"column":8},"end":{"line":261,"column":8498}},"40":{"start":{"line":262,"column":12},"end":{"line":262,"column":75}},"41":{"start":{"line":272,"column":8},"end":{"line":272,"column":21}},"42":{"start":{"line":273,"column":8},"end":{"line":273,"column":8936}},"43":{"start":{"line":274,"column":12},"end":{"line":274,"column":9023}},"44":{"start":{"line":275,"column":12},"end":{"line":275,"column":36}},"45":{"start":{"line":276,"column":17},"end":{"line":276,"column":51}},"46":{"start":{"line":278,"column":12},"end":{"line":278,"column":9196}},"47":{"start":{"line":279,"column":12},"end":{"line":279,"column":45}},"48":{"start":{"line":280,"column":17},"end":{"line":280,"column":51}},"49":{"start":{"line":282,"column":8},"end":{"line":282,"column":49}},"50":{"start":{"line":283,"column":8},"end":{"line":283,"column":34}},"51":{"start":{"line":291,"column":8},"end":{"line":291,"column":9621}},"52":{"start":{"line":296,"column":8},"end":{"line":296,"column":9748}},"53":{"start":{"line":299,"column":8},"end":{"line":299,"column":44}},"54":{"start":{"line":306,"column":8},"end":{"line":306,"column":77}}},"branchMap":{"1":{"line":98,"type":"if","locations":[{"start":{"line":98,"column":8},"end":{"line":98,"column":8}},{"start":{"line":98,"column":8},"end":{"line":98,"column":8}}]},"2":{"line":103,"type":"if","locations":[{"start":{"line":103,"column":8},"end":{"line":103,"column":8}},{"start":{"line":103,"column":8},"end":{"line":103,"column":8}}]},"3":{"line":104,"type":"if","locations":[{"start":{"line":104,"column":8},"end":{"line":104,"column":8}},{"start":{"line":104,"column":8},"end":{"line":104,"column":8}}]},"4":{"line":155,"type":"if","locations":[{"start":{"line":155,"column":8},"end":{"line":155,"column":8}},{"start":{"line":155,"column":8},"end":{"line":155,"column":8}}]},"5":{"line":159,"type":"if","locations":[{"start":{"line":159,"column":8},"end":{"line":159,"column":8}},{"start":{"line":159,"column":8},"end":{"line":159,"column":8}}]},"6":{"line":160,"type":"if","locations":[{"start":{"line":160,"column":12},"end":{"line":160,"column":12}},{"start":{"line":160,"column":12},"end":{"line":160,"column":12}}]},"7":{"line":172,"type":"if","locations":[{"start":{"line":172,"column":15},"end":{"line":172,"column":15}},{"start":{"line":172,"column":15},"end":{"line":172,"column":15}}]},"8":{"line":173,"type":"if","locations":[{"start":{"line":173,"column":12},"end":{"line":173,"column":12}},{"start":{"line":173,"column":12},"end":{"line":173,"column":12}}]},"9":{"line":205,"type":"if","locations":[{"start":{"line":205,"column":8},"end":{"line":205,"column":8}},{"start":{"line":205,"column":8},"end":{"line":205,"column":8}}]},"10":{"line":216,"type":"if","locations":[{"start":{"line":216,"column":8},"end":{"line":216,"column":8}},{"start":{"line":216,"column":8},"end":{"line":216,"column":8}}]},"11":{"line":261,"type":"if","locations":[{"start":{"line":261,"column":8},"end":{"line":261,"column":8}},{"start":{"line":261,"column":8},"end":{"line":261,"column":8}}]},"12":{"line":273,"type":"if","locations":[{"start":{"line":273,"column":8},"end":{"line":273,"column":8}},{"start":{"line":273,"column":8},"end":{"line":273,"column":8}}]},"13":{"line":274,"type":"if","locations":[{"start":{"line":274,"column":12},"end":{"line":274,"column":12}},{"start":{"line":274,"column":12},"end":{"line":274,"column":12}}]},"14":{"line":278,"type":"if","locations":[{"start":{"line":278,"column":12},"end":{"line":278,"column":12}},{"start":{"line":278,"column":12},"end":{"line":278,"column":12}}]},"15":{"line":299,"type":"if","locations":[{"start":{"line":299,"column":8},"end":{"line":299,"column":8}},{"start":{"line":299,"column":8},"end":{"line":299,"column":8}}]}}},
"contracts\\USDT.sol":{"l":{"9":30,"13":0,"17":0},"path":"E:\\Projets\\Antk\\Private Sale\\truffle\\contracts\\USDT.sol","s":{"1":30,"2":0,"3":0},"b":{},"f":{"1":30,"2":0,"3":0},"fnMap":{"1":{"name":"constructor","line":8,"loc":{"start":{"line":8,"column":4},"end":{"line":11,"column":4}}},"2":{"name":"decimals","line":12,"loc":{"start":{"line":12,"column":4},"end":{"line":14,"column":4}}},"3":{"name":"getAddr","line":16,"loc":{"start":{"line":16,"column":4},"end":{"line":18,"column":4}}}},"statementMap":{"1":{"start":{"line":9,"column":8},"end":{"line":9,"column":48}},"2":{"start":{"line":13,"column":8},"end":{"line":13,"column":16}},"3":{"start":{"line":17,"column":8},"end":{"line":17,"column":28}}},"branchMap":{}}}
