TN:
SF:/home/jb/Projets/Antk/Private Sale/truffle/contracts/AntkPrivate.sol
FN:73,requireToBuy
FN:95,setWhitelist
FN:106,changeSalesStatus
FN:118,calculNumberOfTokenToBuy
FN:163,buyTokenWithTether
FN:201,getLatestPrice
FN:217,buyTokenWithEth
FN:247,getFunds
FN:257,seeFunds
FNF:9
FNH:0
FNDA:0,requireToBuy
FNDA:0,setWhitelist
FNDA:0,changeSalesStatus
FNDA:0,calculNumberOfTokenToBuy
FNDA:0,buyTokenWithTether
FNDA:0,getLatestPrice
FNDA:0,buyTokenWithEth
FNDA:0,getFunds
FNDA:0,seeFunds
DA:74,0
DA:79,0
DA:83,0
DA:87,0
DA:96,0
DA:97,0
DA:107,0
DA:109,0
DA:123,0
DA:127,0
DA:128,0
DA:133,0
DA:141,0
DA:146,0
DA:153,0
DA:165,0
DA:170,0
DA:175,0
DA:180,0
DA:182,0
DA:186,0
DA:187,0
DA:189,0
DA:195,0
DA:202,0
DA:205,0
DA:207,0
DA:219,0
DA:223,0
DA:227,0
DA:231,0
DA:232,0
DA:234,0
DA:240,0
DA:248,0
DA:250,0
DA:251,0
DA:258,0
LF:38
LH:0
BRDA:74,1,0,0
BRDA:74,1,1,0
BRDA:79,2,0,0
BRDA:79,2,1,0
BRDA:83,3,0,0
BRDA:83,3,1,0
BRDA:123,4,0,0
BRDA:123,4,1,0
BRDA:127,5,0,0
BRDA:127,5,1,0
BRDA:128,6,0,0
BRDA:128,6,1,0
BRDA:140,7,0,0
BRDA:140,7,1,0
BRDA:141,8,0,0
BRDA:141,8,1,0
BRDA:165,9,0,0
BRDA:165,9,1,0
BRDA:170,10,0,0
BRDA:170,10,1,0
BRDA:180,11,0,0
BRDA:180,11,1,0
BRDA:219,12,0,0
BRDA:219,12,1,0
BRDA:251,13,0,0
BRDA:251,13,1,0
BRF:26
BRH:0
end_of_record
TN:
SF:/home/jb/Projets/Antk/Private Sale/truffle/contracts/AntkPrivateTest.sol
FN:29,constructor
FN:75,requireToBuy
FN:97,setWhitelist
FN:108,changeSalesStatus
FN:120,calculNumberOfTokenToBuy
FN:165,buyTokenWithTether
FN:203,getLatestPrice
FN:219,buyTokenWithEth
FN:249,getFunds
FN:259,seeFunds
FNF:10
FNH:10
FNDA:29,constructor
FNDA:27,requireToBuy
FNDA:2,setWhitelist
FNDA:16,changeSalesStatus
FNDA:61,calculNumberOfTokenToBuy
FNDA:12,buyTokenWithTether
FNDA:14,getLatestPrice
FNDA:5,buyTokenWithEth
FNDA:1,getFunds
FNDA:1,seeFunds
DA:30,29
DA:76,27
DA:81,19
DA:85,19
DA:89,17
DA:98,2
DA:99,14
DA:109,16
DA:111,16
DA:125,61
DA:129,60
DA:130,42
DA:135,9
DA:143,8
DA:148,8
DA:155,10
DA:167,12
DA:172,10
DA:177,8
DA:182,8
DA:184,8
DA:188,8
DA:189,8
DA:191,8
DA:197,8
DA:208,14
DA:209,14
DA:221,5
DA:225,5
DA:229,5
DA:233,5
DA:234,5
DA:236,5
DA:242,5
DA:250,1
DA:252,1
DA:253,1
DA:260,1
LF:38
LH:38
BRDA:76,1,0,19
BRDA:76,1,1,8
BRDA:81,2,0,19
BRDA:81,2,1,0
BRDA:85,3,0,17
BRDA:85,3,1,2
BRDA:125,4,0,60
BRDA:125,4,1,1
BRDA:129,5,0,42
BRDA:129,5,1,18
BRDA:130,6,0,33
BRDA:130,6,1,9
BRDA:142,7,0,8
BRDA:142,7,1,10
BRDA:143,8,0,0
BRDA:143,8,1,8
BRDA:167,9,0,10
BRDA:167,9,1,2
BRDA:172,10,0,8
BRDA:172,10,1,2
BRDA:182,11,0,8
BRDA:182,11,1,0
BRDA:221,12,0,5
BRDA:221,12,1,0
BRDA:253,13,0,1
BRDA:253,13,1,0
BRF:26
BRH:21
end_of_record
TN:
SF:/home/jb/Projets/Antk/Private Sale/truffle/contracts/USDT.sol
FN:8,constructor
FN:12,decimals
FN:16,getAddr
FNF:3
FNH:1
FNDA:26,constructor
FNDA:0,decimals
FNDA:0,getAddr
DA:9,26
DA:13,0
DA:17,0
LF:3
LH:1
BRF:0
BRH:0
end_of_record
