TN:
SF:/home/jb/Projets/Antk/Private Sale/truffle/contracts/AntkPrivate.sol
FN:71,requireToBuy
FN:93,setWhitelist
FN:104,changeSalesStatus
FN:115,_minimumAmountToBuy
FN:135,calculNumberOfTokenToBuy
FN:180,buyTokenWithTether
FN:218,getLatestPrice
FN:234,buyTokenWithEth
FN:264,getFunds
FNF:9
FNH:0
FNDA:0,requireToBuy
FNDA:0,setWhitelist
FNDA:0,changeSalesStatus
FNDA:0,_minimumAmountToBuy
FNDA:0,calculNumberOfTokenToBuy
FNDA:0,buyTokenWithTether
FNDA:0,getLatestPrice
FNDA:0,buyTokenWithEth
FNDA:0,getFunds
DA:72,0
DA:77,0
DA:81,0
DA:85,0
DA:94,0
DA:95,0
DA:105,0
DA:107,0
DA:120,0
DA:121,0
DA:122,0
DA:123,0
DA:124,0
DA:125,0
DA:140,0
DA:144,0
DA:145,0
DA:150,0
DA:158,0
DA:163,0
DA:170,0
DA:182,0
DA:187,0
DA:192,0
DA:197,0
DA:199,0
DA:203,0
DA:204,0
DA:206,0
DA:212,0
DA:219,0
DA:222,0
DA:224,0
DA:236,0
DA:240,0
DA:244,0
DA:248,0
DA:249,0
DA:251,0
DA:257,0
DA:265,0
DA:267,0
DA:268,0
LF:43
LH:0
BRDA:72,1,0,0
BRDA:72,1,1,0
BRDA:77,2,0,0
BRDA:77,2,1,0
BRDA:81,3,0,0
BRDA:81,3,1,0
BRDA:120,4,0,0
BRDA:120,4,1,0
BRDA:122,5,0,0
BRDA:122,5,1,0
BRDA:124,6,0,0
BRDA:124,6,1,0
BRDA:140,7,0,0
BRDA:140,7,1,0
BRDA:144,8,0,0
BRDA:144,8,1,0
BRDA:145,9,0,0
BRDA:145,9,1,0
BRDA:157,10,0,0
BRDA:157,10,1,0
BRDA:158,11,0,0
BRDA:158,11,1,0
BRDA:182,12,0,0
BRDA:182,12,1,0
BRDA:187,13,0,0
BRDA:187,13,1,0
BRDA:197,14,0,0
BRDA:197,14,1,0
BRDA:236,15,0,0
BRDA:236,15,1,0
BRDA:268,16,0,0
BRDA:268,16,1,0
BRF:32
BRH:0
end_of_record
TN:
SF:/home/jb/Projets/Antk/Private Sale/truffle/contracts/AntkPrivateTest.sol
FN:29,constructor
FN:75,requireToBuy
FN:92,
FN:101,setWhitelist
FN:112,changeSalesStatus
FN:123,_minimumAmountToBuy
FN:143,calculNumberOfTokenToBuy
FN:188,buyTokenWithTether
FN:226,getLatestPrice
FN:242,buyTokenWithEth
FN:272,getFunds
FN:282,seeFunds
FNF:12
FNH:10
FNDA:28,constructor
FNDA:27,requireToBuy
FNDA:0,
FNDA:1,setWhitelist
FNDA:15,changeSalesStatus
FNDA:19,_minimumAmountToBuy
FNDA:53,calculNumberOfTokenToBuy
FNDA:10,buyTokenWithTether
FNDA:14,getLatestPrice
FNDA:5,buyTokenWithEth
FNDA:0,getFunds
FNDA:1,seeFunds
DA:30,28
DA:76,27
DA:81,19
DA:85,17
DA:89,15
DA:102,1
DA:103,7
DA:113,15
DA:115,15
DA:128,19
DA:129,12
DA:130,7
DA:131,1
DA:132,6
DA:133,4
DA:148,53
DA:152,52
DA:153,38
DA:158,5
DA:166,4
DA:171,4
DA:178,10
DA:190,10
DA:195,8
DA:200,6
DA:205,6
DA:207,6
DA:211,6
DA:212,6
DA:214,6
DA:220,6
DA:231,14
DA:232,14
DA:244,5
DA:248,5
DA:252,5
DA:256,5
DA:257,5
DA:259,5
DA:265,5
DA:273,0
DA:275,0
DA:276,0
DA:283,1
LF:44
LH:41
BRDA:76,1,0,19
BRDA:76,1,1,8
BRDA:81,2,0,17
BRDA:81,2,1,2
BRDA:85,3,0,15
BRDA:85,3,1,2
BRDA:128,4,0,12
BRDA:128,4,1,7
BRDA:130,5,0,1
BRDA:130,5,1,6
BRDA:132,6,0,4
BRDA:132,6,1,2
BRDA:148,7,0,52
BRDA:148,7,1,1
BRDA:152,8,0,38
BRDA:152,8,1,14
BRDA:153,9,0,33
BRDA:153,9,1,5
BRDA:165,10,0,4
BRDA:165,10,1,10
BRDA:166,11,0,0
BRDA:166,11,1,4
BRDA:190,12,0,8
BRDA:190,12,1,2
BRDA:195,13,0,6
BRDA:195,13,1,2
BRDA:205,14,0,6
BRDA:205,14,1,0
BRDA:244,15,0,5
BRDA:244,15,1,0
BRDA:276,16,0,0
BRDA:276,16,1,0
BRF:32
BRH:27
end_of_record
TN:
SF:/home/jb/Projets/Antk/Private Sale/truffle/contracts/USDT.sol
FN:8,constructor
FN:12,decimals
FN:16,getAddr
FNF:3
FNH:1
FNDA:25,constructor
FNDA:0,decimals
FNDA:0,getAddr
DA:9,25
DA:13,0
DA:17,0
LF:3
LH:1
BRF:0
BRH:0
end_of_record
